<?xml version="1.0" encoding="UTF-8"?>
<testng-results ignored="0" total="10" passed="9" failed="1" skipped="0">
  <reporter-output>
  </reporter-output>
  <suite started-at="2020-03-16T20:49:51 CET" name="Suite" finished-at="2020-03-16T20:50:29 CET" duration-ms="37833">
    <groups>
    </groups>
    <test started-at="2020-03-16T20:49:51 CET" name="Default test" finished-at="2020-03-16T20:50:29 CET" duration-ms="37833">
      <class name="projectSelenium.LoginTest">
        <test-method is-config="true" signature="beforeTest()[pri:0, instance:projectSelenium.LoginTest@6a01e23]" started-at="2020-03-16T20:49:51 CET" name="beforeTest" finished-at="2020-03-16T20:49:51 CET" duration-ms="10" status="PASS">
          <reporter-output>
          </reporter-output>
        </test-method> <!-- beforeTest -->
        <test-method signature="start()[pri:0, instance:projectSelenium.LoginTest@6a01e23]" started-at="2020-03-16T20:49:51 CET" name="start" finished-at="2020-03-16T20:49:59 CET" duration-ms="7639" status="PASS">
          <reporter-output>
          </reporter-output>
        </test-method> <!-- start -->
        <test-method signature="profileWindow()[pri:1, instance:projectSelenium.LoginTest@6a01e23]" started-at="2020-03-16T20:49:59 CET" name="profileWindow" finished-at="2020-03-16T20:50:06 CET" duration-ms="7007" status="PASS">
          <reporter-output>
          </reporter-output>
        </test-method> <!-- profileWindow -->
        <test-method signature="loginTrial()[pri:2, instance:projectSelenium.LoginTest@6a01e23]" started-at="2020-03-16T20:50:06 CET" name="loginTrial" finished-at="2020-03-16T20:50:07 CET" duration-ms="1236" status="PASS">
          <reporter-output>
          </reporter-output>
        </test-method> <!-- loginTrial -->
        <test-method signature="validMailloginTrial()[pri:3, instance:projectSelenium.LoginTest@6a01e23]" started-at="2020-03-16T20:50:07 CET" name="validMailloginTrial" finished-at="2020-03-16T20:50:08 CET" duration-ms="1260" status="PASS">
          <reporter-output>
          </reporter-output>
        </test-method> <!-- validMailloginTrial -->
        <test-method signature="invalidPwdloginTrial()[pri:4, instance:projectSelenium.LoginTest@6a01e23]" started-at="2020-03-16T20:50:08 CET" name="invalidPwdloginTrial" finished-at="2020-03-16T20:50:09 CET" duration-ms="1128" status="PASS">
          <reporter-output>
          </reporter-output>
        </test-method> <!-- invalidPwdloginTrial -->
        <test-method signature="validMaillogin()[pri:5, instance:projectSelenium.LoginTest@6a01e23]" started-at="2020-03-16T20:50:09 CET" name="validMaillogin" finished-at="2020-03-16T20:50:10 CET" duration-ms="1165" status="PASS">
          <reporter-output>
          </reporter-output>
        </test-method> <!-- validMaillogin -->
        <test-method signature="invalidMaillogin()[pri:6, instance:projectSelenium.LoginTest@6a01e23]" started-at="2020-03-16T20:50:10 CET" name="invalidMaillogin" finished-at="2020-03-16T20:50:15 CET" duration-ms="4279" status="FAIL">
          <exception class="java.lang.AssertionError">
            <message>
              <![CDATA[expected [false] but found [true]]]>
            </message>
            <full-stacktrace>
              <![CDATA[java.lang.AssertionError: expected [false] but found [true]
at org.testng.Assert.fail(Assert.java:97)
at org.testng.Assert.assertEqualsImpl(Assert.java:136)
at org.testng.Assert.assertEquals(Assert.java:118)
at org.testng.Assert.assertEquals(Assert.java:751)
at org.testng.Assert.assertEquals(Assert.java:761)
at projectSelenium.LoginTest.invalidMaillogin(LoginTest.java:118)
at java.base/jdk.internal.reflect.NativeMethodAccessorImpl.invoke0(Native Method)
at java.base/jdk.internal.reflect.NativeMethodAccessorImpl.invoke(NativeMethodAccessorImpl.java:62)
at java.base/jdk.internal.reflect.DelegatingMethodAccessorImpl.invoke(DelegatingMethodAccessorImpl.java:43)
at java.base/java.lang.reflect.Method.invoke(Method.java:567)
at org.testng.internal.MethodInvocationHelper.invokeMethod(MethodInvocationHelper.java:135)
at org.testng.internal.TestInvoker.invokeMethod(TestInvoker.java:598)
at org.testng.internal.TestInvoker.invokeTestMethod(TestInvoker.java:174)
at org.testng.internal.MethodRunner.runInSequence(MethodRunner.java:46)
at org.testng.internal.TestInvoker$MethodInvocationAgent.invoke(TestInvoker.java:821)
at org.testng.internal.TestInvoker.invokeTestMethods(TestInvoker.java:147)
at org.testng.internal.TestMethodWorker.invokeTestMethods(TestMethodWorker.java:146)
at org.testng.internal.TestMethodWorker.run(TestMethodWorker.java:128)
at java.base/java.util.ArrayList.forEach(ArrayList.java:1507)
at org.testng.TestRunner.privateRun(TestRunner.java:767)
at org.testng.TestRunner.run(TestRunner.java:588)
at org.testng.SuiteRunner.runTest(SuiteRunner.java:384)
at org.testng.SuiteRunner.runSequentially(SuiteRunner.java:378)
at org.testng.SuiteRunner.privateRun(SuiteRunner.java:337)
at org.testng.SuiteRunner.run(SuiteRunner.java:286)
at org.testng.SuiteRunnerWorker.runSuite(SuiteRunnerWorker.java:53)
at org.testng.SuiteRunnerWorker.run(SuiteRunnerWorker.java:96)
at org.testng.TestNG.runSuitesSequentially(TestNG.java:1214)
at org.testng.TestNG.runSuitesLocally(TestNG.java:1136)
at org.testng.TestNG.runSuites(TestNG.java:1066)
at org.testng.TestNG.run(TestNG.java:1034)
at org.testng.remote.AbstractRemoteTestNG.run(AbstractRemoteTestNG.java:115)
at org.testng.remote.RemoteTestNG.initAndRun(RemoteTestNG.java:251)
at org.testng.remote.RemoteTestNG.main(RemoteTestNG.java:77)
]]>
            </full-stacktrace>
          </exception> <!-- java.lang.AssertionError -->
          <reporter-output>
          </reporter-output>
        </test-method> <!-- invalidMaillogin -->
        <test-method signature="validlogin()[pri:7, instance:projectSelenium.LoginTest@6a01e23]" started-at="2020-03-16T20:50:15 CET" name="validlogin" finished-at="2020-03-16T20:50:22 CET" duration-ms="7586" status="PASS">
          <reporter-output>
          </reporter-output>
        </test-method> <!-- validlogin -->
        <test-method signature="profileButton()[pri:8, instance:projectSelenium.LoginTest@6a01e23]" started-at="2020-03-16T20:50:22 CET" name="profileButton" finished-at="2020-03-16T20:50:25 CET" duration-ms="2203" status="PASS">
          <reporter-output>
          </reporter-output>
        </test-method> <!-- profileButton -->
        <test-method signature="logOut()[pri:9, instance:projectSelenium.LoginTest@6a01e23]" started-at="2020-03-16T20:50:25 CET" name="logOut" finished-at="2020-03-16T20:50:29 CET" duration-ms="4065" status="PASS">
          <reporter-output>
          </reporter-output>
        </test-method> <!-- logOut -->
        <test-method is-config="true" signature="afterTest()[pri:0, instance:projectSelenium.LoginTest@6a01e23]" started-at="2020-03-16T20:50:29 CET" name="afterTest" finished-at="2020-03-16T20:50:29 CET" duration-ms="181" status="PASS">
          <reporter-output>
          </reporter-output>
        </test-method> <!-- afterTest -->
      </class> <!-- projectSelenium.LoginTest -->
    </test> <!-- Default test -->
  </suite> <!-- Suite -->
</testng-results>
